Build started 17.12.2018 12:54:20.
     1>Project "F:\laba\laba6\laba6\laba6.vcxproj" on node 2 (build target(s)).
     1>InitializeBuildStatus:
         Touching "Debug\laba6.unsuccessfulbuild".
       ClCompile:
         c:\Program Files (x86)\Microsoft Visual Studio 10.0\VC\bin\CL.exe /c /ZI /nologo /W3 /WX- /Od /Oy- /D WIN32 /D _DEBUG /D _CONSOLE /D _UNICODE /D UNICODE /Gm /EHsc /RTC1 /MDd /GS /fp:precise /Zc:wchar_t /Zc:forScope /Fo"Debug\\" /Fd"Debug\vc100.pdb" /Gd /TP /analyze- /errorReport:prompt first.cpp second.cpp
         second.cpp
         first.cpp
     1>f:\laba\laba6\laba6\first.cpp(12): warning C4244: 'argument' : conversion from 'time_t' to 'unsigned int', possible loss of data
     1>f:\laba\laba6\laba6\first.cpp(135): warning C4244: '=' : conversion from 'float' to 'int', possible loss of data
     1>f:\laba\laba6\laba6\first.cpp(136): warning C4244: '=' : conversion from 'float' to 'int', possible loss of data
         Generating Code...
       ManifestResourceCompile:
         C:\Program Files (x86)\Microsoft SDKs\Windows\v7.0A\bin\rc.exe /nologo /fo"Debug\laba6.exe.embed.manifest.res" Debug\laba6_manifest.rc 
       Link:
         c:\Program Files (x86)\Microsoft Visual Studio 10.0\VC\bin\link.exe /ERRORREPORT:PROMPT /OUT:"F:\laba\laba6\Debug\laba6.exe" /INCREMENTAL /NOLOGO kernel32.lib user32.lib gdi32.lib winspool.lib comdlg32.lib advapi32.lib shell32.lib ole32.lib oleaut32.lib uuid.lib odbc32.lib odbccp32.lib /MANIFEST /ManifestFile:"Debug\laba6.exe.intermediate.manifest" /MANIFESTUAC:"level='asInvoker' uiAccess='false'" /DEBUG /PDB:"F:\laba\laba6\Debug\laba6.pdb" /SUBSYSTEM:CONSOLE /TLBID:1 /DYNAMICBASE /NXCOMPAT /IMPLIB:"F:\laba\laba6\Debug\laba6.lib" /MACHINE:X86 Debug\laba6.exe.embed.manifest.res
         Debug\first.obj
         Debug\second.obj
       Manifest:
         C:\Program Files (x86)\Microsoft SDKs\Windows\v7.0A\bin\mt.exe /nologo /verbose /out:"Debug\laba6.exe.embed.manifest" /manifest Debug\laba6.exe.intermediate.manifest
         All outputs are up-to-date.
       LinkEmbedManifest:
         All outputs are up-to-date.
         laba6.vcxproj -> F:\laba\laba6\Debug\laba6.exe
       FinalizeBuildStatus:
         Deleting file "Debug\laba6.unsuccessfulbuild".
         Touching "Debug\laba6.lastbuildstate".
     1>Done Building Project "F:\laba\laba6\laba6\laba6.vcxproj" (build target(s)).

Build succeeded.

Time Elapsed 00:00:08.23
